<?xml version="1.0" encoding="UTF-8"?>
<!-- Generated by org.testng.reporters.JUnitReportReporter -->
<testsuite hostname="LAPTOP-E003S508" failures="0" tests="5" name="testcases.SearchFunctioanlityWorkflows" time="26.839" errors="0" timestamp="16 Dec 2022 17:40:39 GMT">
  <testcase classname="testcases.SearchFunctioanlityWorkflows" name="SearchResultsWithInvalidKeyword" time="5.635"/>
  <testcase classname="testcases.SearchFunctioanlityWorkflows" name="SearchResultsWithEmptyKeyword" time="5.516"/>
  <testcase classname="testcases.SearchFunctioanlityWorkflows" name="VerifySearchKeywordisAvailable" time="4.335"/>
  <testcase classname="testcases.SearchFunctioanlityWorkflows" name="SearchResultsDisplayedForKeyword" time="6.146"/>
  <testcase classname="testcases.SearchFunctioanlityWorkflows" name="VerifyAllSearchResultsDisplayedForKeyword" time="5.207"/>
</testsuite> <!-- testcases.SearchFunctioanlityWorkflows -->
