<?xml version="1.0" encoding="UTF-8"?>
<!-- Generated by org.testng.reporters.JUnitReportReporter -->
<testsuite hostname="LAPTOP-E003S508" failures="0" tests="1" name="testcases.SuccessfulNavigationWorkflow" time="17.937" errors="0" timestamp="16 Dec 2022 09:35:50 GMT">
  <testcase classname="testcases.SuccessfulNavigationWorkflow" name="TestCase_InvalidUrlNavigation" time="17.937"/>
</testsuite> <!-- testcases.SuccessfulNavigationWorkflow -->
