<?xml version="1.0" encoding="UTF-8"?>
<!-- Generated by org.testng.reporters.JUnitReportReporter -->
<testsuite hostname="LAPTOP-E003S508" failures="0" tests="4" name="testcases.WebsiteUrlNavigationWorkflow" time="40.059" errors="0" timestamp="16 Dec 2022 17:40:39 GMT">
  <testcase classname="testcases.WebsiteUrlNavigationWorkflow" name="TestCase_InvalidUrlNavigation" time="17.791"/>
  <testcase classname="testcases.WebsiteUrlNavigationWorkflow" name="TestCase_PartialUrlNavigation" time="2.197"/>
  <testcase classname="testcases.WebsiteUrlNavigationWorkflow" name="TestCase_IncorrectUrlNavigation" time="15.178"/>
  <testcase classname="testcases.WebsiteUrlNavigationWorkflow" name="Testcase_SuccessfulNavigation" time="4.893"/>
</testsuite> <!-- testcases.WebsiteUrlNavigationWorkflow -->
