<?xml version="1.0" encoding="UTF-8"?>
<!-- Generated by org.testng.reporters.JUnitReportReporter -->
<testsuite hostname="LAPTOP-E003S508" failures="0" tests="4" name="testcases.SearchResultNavigationWorkflows" time="121.013" errors="0" timestamp="16 Dec 2022 17:40:39 GMT">
  <testcase classname="testcases.SearchResultNavigationWorkflows" name="SearchResults_Navigations" time="9.538"/>
  <testcase classname="testcases.SearchResultNavigationWorkflows" name="Open_AllSearchResults_ForKeyword" time="35.141"/>
  <testcase classname="testcases.SearchResultNavigationWorkflows" name="Open_SearchResult" time="23.893"/>
  <testcase classname="testcases.SearchResultNavigationWorkflows" name="Verify_AllSearchResults_ForKeyword" time="52.441"/>
</testsuite> <!-- testcases.SearchResultNavigationWorkflows -->
